<?xml version="1.0" encoding="UTF-8"?>
<!-- Generated by org.testng.reporters.JUnitXMLReporter -->
<testsuite hostname="AIRAVAT" name="Test" tests="1" failures="1" timestamp="30 Aug 2016 10:17:30 GMT" time="2.838" errors="0">
  <testcase name="f" time="2.823" classname="demojenkins.NewTest">
    <failure type="java.lang.NoSuchMethodError" message="com.google.common.collect.Multimaps.transformValues(Lcom/google/common/collect/ListMultimap;Lcom/google/common/base/Function;)Lcom/google/common/collect/ListMultimap;">
      <![CDATA[java.lang.NoSuchMethodError: com.google.common.collect.Multimaps.transformValues(Lcom/google/common/collect/ListMultimap;Lcom/google/common/base/Function;)Lcom/google/common/collect/ListMultimap;
	at com.google.common.net.MediaType.computeToString(MediaType.java:751)
	at com.google.common.net.MediaType.toString(MediaType.java:741)
	at org.openqa.selenium.remote.http.JsonHttpCommandCodec.encode(JsonHttpCommandCodec.java:232)
	at org.openqa.selenium.remote.HttpCommandExecutor.execute(HttpCommandExecutor.java:139)
	at org.openqa.selenium.firefox.internal.NewProfileExtensionConnection.execute(NewProfileExtensionConnection.java:160)
	at org.openqa.selenium.firefox.FirefoxDriver$LazyCommandExecutor.execute(FirefoxDriver.java:380)
	at org.openqa.selenium.remote.RemoteWebDriver.execute(RemoteWebDriver.java:644)
	at org.openqa.selenium.remote.RemoteWebDriver.startSession(RemoteWebDriver.java:249)
	at org.openqa.selenium.remote.RemoteWebDriver.<init>(RemoteWebDriver.java:131)
	at org.openqa.selenium.firefox.FirefoxDriver.<init>(FirefoxDriver.java:218)
	at org.openqa.selenium.firefox.FirefoxDriver.<init>(FirefoxDriver.java:211)
	at org.openqa.selenium.firefox.FirefoxDriver.<init>(FirefoxDriver.java:207)
	at org.openqa.selenium.firefox.FirefoxDriver.<init>(FirefoxDriver.java:120)
	at demojenkins.NewTest.f(NewTest.java:11)
... Removed 23 stack frames]]>
    </failure>
  </testcase> <!-- f -->
</testsuite> <!-- Test -->
