<?xml version="1.0" encoding="UTF-8"?>
<testng-results skipped="0" failed="0" total="1" passed="1">
  <reporter-output>
  </reporter-output>
  <suite name="Suite" duration-ms="16902" started-at="2016-09-01T06:55:16Z" finished-at="2016-09-01T06:55:32Z">
    <groups>
    </groups>
    <test name="Test" duration-ms="16902" started-at="2016-09-01T06:55:16Z" finished-at="2016-09-01T06:55:32Z">
      <class name="demojenkins.NewTest">
        <test-method status="PASS" signature="f()[pri:0, instance:demojenkins.NewTest@35ddb0af]" name="f" duration-ms="16887" started-at="2016-09-01T12:25:16Z" finished-at="2016-09-01T12:25:32Z">
          <reporter-output>
          </reporter-output>
        </test-method> <!-- f -->
      </class> <!-- demojenkins.NewTest -->
    </test> <!-- Test -->
  </suite> <!-- Suite -->
</testng-results>
