<?xml version="1.0" encoding="UTF-8"?>
<testng-results skipped="0" failed="0" total="1" passed="1">
  <reporter-output>
  </reporter-output>
  <suite name="Suite" duration-ms="18400" started-at="2016-09-01T05:40:17Z" finished-at="2016-09-01T05:40:35Z">
    <groups>
    </groups>
    <test name="Test" duration-ms="18400" started-at="2016-09-01T05:40:17Z" finished-at="2016-09-01T05:40:35Z">
      <class name="demojenkins.NewTest">
        <test-method status="PASS" signature="f()[pri:0, instance:demojenkins.NewTest@2d3fc5f6]" name="f" duration-ms="18384" started-at="2016-09-01T11:10:17Z" finished-at="2016-09-01T11:10:35Z">
          <reporter-output>
          </reporter-output>
        </test-method> <!-- f -->
      </class> <!-- demojenkins.NewTest -->
    </test> <!-- Test -->
  </suite> <!-- Suite -->
</testng-results>
